<?xml version="1.0" encoding="UTF-8"?>
<testsuite xmlns:xsi="http://www.w3.org/2001/XMLSchema-instance" xsi:noNamespaceSchemaLocation="https://maven.apache.org/surefire/maven-surefire-plugin/xsd/surefire-test-report.xsd" name="TestSuite" time="153.793" tests="37" errors="0" skipped="30" failures="6">
  <properties>
[...]
</properties>
  <testcase name="fetchJsonData" classname="com.pinelabs.RnD.WebUITest.GoogleDemoTest" time="0.017"/>
  <testcase name="launchGoogle" classname="com.pinelabs.RnD.WebUITest.GoogleDemoTest" time="27.976">
    <failure message="Cannot invoke &quot;java.sql.Connection.createStatement()&quot; because &quot;com.pinelabs.RnD.WebUI.CommonUtilsWebUI.SQLDatabaseUtility.con&quot; is null" type="java.lang.NullPointerException">java.lang.NullPointerException: Cannot invoke "java.sql.Connection.createStatement()" because "com.pinelabs.RnD.WebUI.CommonUtilsWebUI.SQLDatabaseUtility.con" is null
	at com.pinelabs.RnD.WebUITest.GoogleDemoTest.launchGoogle(GoogleDemoTest.java:59)
</failure>
    <system-out><![CDATA[Select * from TableName where MID = 1234
]]></system-out>
    <system-err><![CDATA[log4j:WARN No appenders could be found for logger (freemarker.cache).
log4j:WARN Please initialize the log4j system properly.
log4j:WARN See http://logging.apache.org/log4j/1.2/faq.html#noconfig for more info.
com.microsoft.sqlserver.jdbc.SQLServerException: The TCP/IP connection to the host 192.168.101.69, port 51633 has failed. Error: "Connect timed out. Verify the connection properties. Make sure that an instance of SQL Server is running on the host and accepting TCP/IP connections at the port. Make sure that TCP connections to the port are not blocked by a firewall.".
	at com.microsoft.sqlserver.jdbc.SQLServerException.makeFromDriverError(SQLServerException.java:237)
	at com.microsoft.sqlserver.jdbc.SQLServerException.ConvertConnectExceptionToSQLServerException(SQLServerException.java:288)
	at com.microsoft.sqlserver.jdbc.SocketFinder.findSocket(IOBuffer.java:2720)
	at com.microsoft.sqlserver.jdbc.TDSChannel.open(IOBuffer.java:761)
	at com.microsoft.sqlserver.jdbc.SQLServerConnection.connectHelper(SQLServerConnection.java:3180)
	at com.microsoft.sqlserver.jdbc.SQLServerConnection.login(SQLServerConnection.java:2833)
	at com.microsoft.sqlserver.jdbc.SQLServerConnection.connectInternal(SQLServerConnection.java:2671)
	at com.microsoft.sqlserver.jdbc.SQLServerConnection.connect(SQLServerConnection.java:1640)
	at com.microsoft.sqlserver.jdbc.SQLServerDriver.connect(SQLServerDriver.java:936)
	at java.sql/java.sql.DriverManager.getConnection(DriverManager.java:681)
	at java.sql/java.sql.DriverManager.getConnection(DriverManager.java:252)
	at com.pinelabs.RnD.WebUI.CommonUtilsWebUI.SQLDatabaseUtility.setUPConnection(SQLDatabaseUtility.java:22)
	at com.pinelabs.RnD.WebUITest.GoogleDemoTest.launchGoogle(GoogleDemoTest.java:51)
	at java.base/jdk.internal.reflect.NativeMethodAccessorImpl.invoke0(Native Method)
	at java.base/jdk.internal.reflect.NativeMethodAccessorImpl.invoke(NativeMethodAccessorImpl.java:77)
	at java.base/jdk.internal.reflect.DelegatingMethodAccessorImpl.invoke(DelegatingMethodAccessorImpl.java:43)
	at java.base/java.lang.reflect.Method.invoke(Method.java:568)
	at org.testng.internal.MethodInvocationHelper.invokeMethod(MethodInvocationHelper.java:80)
	at org.testng.internal.Invoker.invokeMethod(Invoker.java:714)
	at org.testng.internal.Invoker.invokeTestMethod(Invoker.java:901)
	at org.testng.internal.Invoker.invokeTestMethods(Invoker.java:1231)
	at org.testng.internal.TestMethodWorker.invokeTestMethods(TestMethodWorker.java:127)
	at org.testng.internal.TestMethodWorker.run(TestMethodWorker.java:111)
	at org.testng.TestRunner.privateRun(TestRunner.java:767)
	at org.testng.TestRunner.run(TestRunner.java:617)
	at org.testng.SuiteRunner.runTest(SuiteRunner.java:334)
	at org.testng.SuiteRunner.runSequentially(SuiteRunner.java:329)
	at org.testng.SuiteRunner.privateRun(SuiteRunner.java:291)
	at org.testng.SuiteRunner.run(SuiteRunner.java:240)
	at org.testng.SuiteRunnerWorker.runSuite(SuiteRunnerWorker.java:52)
	at org.testng.SuiteRunnerWorker.run(SuiteRunnerWorker.java:86)
	at org.testng.TestNG.runSuitesSequentially(TestNG.java:1198)
	at org.testng.TestNG.runSuitesLocally(TestNG.java:1123)
	at org.testng.TestNG.run(TestNG.java:1031)
	at org.apache.maven.surefire.testng.TestNGExecutor.run(TestNGExecutor.java:135)
	at org.apache.maven.surefire.testng.TestNGDirectoryTestSuite.executeMulti(TestNGDirectoryTestSuite.java:193)
	at org.apache.maven.surefire.testng.TestNGDirectoryTestSuite.execute(TestNGDirectoryTestSuite.java:94)
	at org.apache.maven.surefire.testng.TestNGProvider.invoke(TestNGProvider.java:146)
	at org.apache.maven.surefire.booter.ForkedBooter.invokeProviderInSameClassLoader(ForkedBooter.java:384)
	at org.apache.maven.surefire.booter.ForkedBooter.runSuitesInProcess(ForkedBooter.java:345)
	at org.apache.maven.surefire.booter.ForkedBooter.execute(ForkedBooter.java:126)
	at org.apache.maven.surefire.booter.ForkedBooter.main(ForkedBooter.java:418)
SLF4J: No SLF4J providers were found.
SLF4J: Defaulting to no-operation (NOP) logger implementation
SLF4J: See http://www.slf4j.org/codes.html#noProviders for further details.
SLF4J: Class path contains SLF4J bindings targeting slf4j-api versions prior to 1.8.
SLF4J: Ignoring binding found at [jar:file:/C:/Users/himanshu.sisodia/.m2/repository/org/slf4j/slf4j-log4j12/1.7.32/slf4j-log4j12-1.7.32.jar!/org/slf4j/impl/StaticLoggerBinder.class]
SLF4J: Ignoring binding found at [jar:file:/C:/Users/himanshu.sisodia/.m2/repository/ch/qos/logback/logback-classic/1.0.9/logback-classic-1.0.9.jar!/org/slf4j/impl/StaticLoggerBinder.class]
SLF4J: See http://www.slf4j.org/codes.html#ignoredBindings for an explanation.
Starting ChromeDriver 99.0.4844.51 (d537ec02474b5afe23684e7963d538896c63ac77-refs/branch-heads/4844@{#875}) on port 11061
Only local connections are allowed.
Please see https://chromedriver.chromium.org/security-considerations for suggestions on keeping ChromeDriver safe.
ChromeDriver was started successfully.
Mar 31, 2022 11:19:26 PM org.openqa.selenium.remote.ProtocolHandshake createSession
INFO: Detected dialect: W3C
]]></system-err>
  </testcase>
  <testcase name="launchpcui" classname="com.pinelabs.RnD.WebUITest.GoogleDemoTest" time="61.767">
    <failure message="Expected condition failed: waiting for visibility of element located by By.xpath: //img[@src=&apos;Captcha.aspx&apos;] (tried for 10 second(s) with 500 MILLISECONDS interval)" type="org.openqa.selenium.TimeoutException">org.openqa.selenium.TimeoutException: Expected condition failed: waiting for visibility of element located by By.xpath: //img[@src='Captcha.aspx'] (tried for 10 second(s) with 500 MILLISECONDS interval)
	at com.pinelabs.RnD.WebUITest.GoogleDemoTest.launchpcui(GoogleDemoTest.java:72)
Caused by: org.openqa.selenium.NoSuchElementException: 
Cannot locate an element using By.xpath: //img[@src='Captcha.aspx']
For documentation on this error, please visit: http://seleniumhq.org/exceptions/no_such_element.html
Build info: version: '3.9.1', revision: '63f7b50', time: '2018-02-07T22:25:02.294Z'
System info: host: 'PINENOIL12364', ip: '172.17.112.1', os.name: 'Windows 10', os.arch: 'amd64', os.version: '10.0', java.version: '17.0.1'
Driver info: driver.version: unknown
	at com.pinelabs.RnD.WebUITest.GoogleDemoTest.launchpcui(GoogleDemoTest.java:72)
</failure>
    <system-err><![CDATA[Starting ChromeDriver 99.0.4844.51 (d537ec02474b5afe23684e7963d538896c63ac77-refs/branch-heads/4844@{#875}) on port 14347
Only local connections are allowed.
Please see https://chromedriver.chromium.org/security-considerations for suggestions on keeping ChromeDriver safe.
ChromeDriver was started successfully.
Mar 31, 2022 11:19:37 PM org.openqa.selenium.remote.ProtocolHandshake createSession
INFO: Detected dialect: W3C
]]></system-err>
  </testcase>
  <testcase name="m2" classname="com.pinelabs.RnD.WebUITest.GoogleDemoTest" time="0">
    <skipped message="java.lang.NoClassDefFoundError: org/apache/commons/io/output/UnsynchronizedByteArrayOutputStream"/>
    <system-out><![CDATA[Excel sheet path is src\main\resources\TestData\ExcelData.xlsx
File extension is .xlsx
]]></system-out>
  </testcase>
  <testcase name="searchGoogle" classname="com.pinelabs.RnD.WebUITest.GoogleDemoTest" time="14.86">
    <failure message="chrome not reachable&#10;  (Session info: chrome=99.0.4844.82)&#10;Build info: version: &apos;3.9.1&apos;, revision: &apos;63f7b50&apos;, time: &apos;2018-02-07T22:25:02.294Z&apos;&#10;System info: host: &apos;PINENOIL12364&apos;, ip: &apos;172.17.112.1&apos;, os.name: &apos;Windows 10&apos;, os.arch: &apos;amd64&apos;, os.version: &apos;10.0&apos;, java.version: &apos;17.0.1&apos;&#10;Driver info: org.openqa.selenium.chrome.ChromeDriver&#10;Capabilities {acceptInsecureCerts: false, browserName: chrome, browserVersion: 99.0.4844.82, chrome: {chromedriverVersion: 99.0.4844.51 (d537ec02474b5..., userDataDir: C:\Users\HIMANS~1.SIS\AppDa...}, goog:chromeOptions: {debuggerAddress: localhost:54369}, javascriptEnabled: true, networkConnectionEnabled: false, pageLoadStrategy: normal, platform: WINDOWS, platformName: WINDOWS, proxy: Proxy(), setWindowRect: true, strictFileInteractability: false, timeouts: {implicit: 0, pageLoad: 300000, script: 30000}, unhandledPromptBehavior: dismiss and notify, webauthn:extension:credBlob: true, webauthn:extension:largeBlob: true, webauthn:virtualAuthenticators: true}&#10;Session ID: 708a9b61087e2405d751eb21e09be467&#10;*** Element info: {Using=xpath, value=//input[@title=&apos;Search&apos;]}" type="org.openqa.selenium.WebDriverException">org.openqa.selenium.WebDriverException: 
chrome not reachable
  (Session info: chrome=99.0.4844.82)
Build info: version: '3.9.1', revision: '63f7b50', time: '2018-02-07T22:25:02.294Z'
System info: host: 'PINENOIL12364', ip: '172.17.112.1', os.name: 'Windows 10', os.arch: 'amd64', os.version: '10.0', java.version: '17.0.1'
Driver info: org.openqa.selenium.chrome.ChromeDriver
Capabilities {acceptInsecureCerts: false, browserName: chrome, browserVersion: 99.0.4844.82, chrome: {chromedriverVersion: 99.0.4844.51 (d537ec02474b5..., userDataDir: C:\Users\HIMANS~1.SIS\AppDa...}, goog:chromeOptions: {debuggerAddress: localhost:54369}, javascriptEnabled: true, networkConnectionEnabled: false, pageLoadStrategy: normal, platform: WINDOWS, platformName: WINDOWS, proxy: Proxy(), setWindowRect: true, strictFileInteractability: false, timeouts: {implicit: 0, pageLoad: 300000, script: 30000}, unhandledPromptBehavior: dismiss and notify, webauthn:extension:credBlob: true, webauthn:extension:largeBlob: true, webauthn:virtualAuthenticators: true}
Session ID: 708a9b61087e2405d751eb21e09be467
*** Element info: {Using=xpath, value=//input[@title='Search']}
	at com.pinelabs.RnD.WebUITest.GoogleDemoTest.searchGoogle(GoogleDemoTest.java:65)
</failure>
    <system-err><![CDATA[[1648749038.258][WARNING]: Timed out connecting to Chrome, retrying...
Mar 31, 2022 11:20:46 PM org.openqa.selenium.support.ui.ExpectedConditions findElement
WARNING: WebDriverException thrown by findElement(By.xpath: //input[@title='Search'])
org.openqa.selenium.WebDriverException: chrome not reachable
  (Session info: chrome=99.0.4844.82)
Build info: version: '3.9.1', revision: '63f7b50', time: '2018-02-07T22:25:02.294Z'
System info: host: 'PINENOIL12364', ip: '172.17.112.1', os.name: 'Windows 10', os.arch: 'amd64', os.version: '10.0', java.version: '17.0.1'
Driver info: org.openqa.selenium.chrome.ChromeDriver
Capabilities {acceptInsecureCerts: false, browserName: chrome, browserVersion: 99.0.4844.82, chrome: {chromedriverVersion: 99.0.4844.51 (d537ec02474b5..., userDataDir: C:\Users\HIMANS~1.SIS\AppDa...}, goog:chromeOptions: {debuggerAddress: localhost:54369}, javascriptEnabled: true, networkConnectionEnabled: false, pageLoadStrategy: normal, platform: WINDOWS, platformName: WINDOWS, proxy: Proxy(), setWindowRect: true, strictFileInteractability: false, timeouts: {implicit: 0, pageLoad: 300000, script: 30000}, unhandledPromptBehavior: dismiss and notify, webauthn:extension:credBlob: true, webauthn:extension:largeBlob: true, webauthn:virtualAuthenticators: true}
Session ID: 708a9b61087e2405d751eb21e09be467
*** Element info: {Using=xpath, value=//input[@title='Search']}
	at java.base/jdk.internal.reflect.NativeConstructorAccessorImpl.newInstance0(Native Method)
	at java.base/jdk.internal.reflect.NativeConstructorAccessorImpl.newInstance(NativeConstructorAccessorImpl.java:77)
	at java.base/jdk.internal.reflect.DelegatingConstructorAccessorImpl.newInstance(DelegatingConstructorAccessorImpl.java:45)
	at java.base/java.lang.reflect.Constructor.newInstanceWithCaller(Constructor.java:499)
	at java.base/java.lang.reflect.Constructor.newInstance(Constructor.java:480)
	at org.openqa.selenium.remote.http.W3CHttpResponseCodec.createException(W3CHttpResponseCodec.java:187)
	at org.openqa.selenium.remote.http.W3CHttpResponseCodec.decode(W3CHttpResponseCodec.java:122)
	at org.openqa.selenium.remote.http.W3CHttpResponseCodec.decode(W3CHttpResponseCodec.java:49)
	at org.openqa.selenium.remote.HttpCommandExecutor.execute(HttpCommandExecutor.java:160)
	at org.openqa.selenium.remote.service.DriverCommandExecutor.execute(DriverCommandExecutor.java:83)
	at org.openqa.selenium.remote.RemoteWebDriver.execute(RemoteWebDriver.java:601)
	at org.openqa.selenium.remote.RemoteWebDriver.findElements(RemoteWebDriver.java:398)
	at org.openqa.selenium.remote.RemoteWebDriver.findElementsByXPath(RemoteWebDriver.java:477)
	at org.openqa.selenium.By$ByXPath.findElements(By.java:356)
	at org.openqa.selenium.remote.RemoteWebDriver.findElements(RemoteWebDriver.java:359)
	at org.openqa.selenium.support.ui.ExpectedConditions.findElement(ExpectedConditions.java:895)
	at org.openqa.selenium.support.ui.ExpectedConditions.access$000(ExpectedConditions.java:44)
	at org.openqa.selenium.support.ui.ExpectedConditions$7.apply(ExpectedConditions.java:206)
	at org.openqa.selenium.support.ui.ExpectedConditions$7.apply(ExpectedConditions.java:202)
	at org.openqa.selenium.support.ui.FluentWait.until(FluentWait.java:208)
	at com.pinelabs.RnD.WebUI.Base.SeleniumUtilities.getElement(SeleniumUtilities.java:505)
	at com.pinelabs.RnD.WebUI.Base.SeleniumUtilities.clickOnElement(SeleniumUtilities.java:232)
	at com.pinelabs.RnD.WebUI.POM.GoogleDemoPage.searchText(GoogleDemoPage.java:25)
	at com.pinelabs.RnD.WebUITest.GoogleDemoTest.searchGoogle(GoogleDemoTest.java:65)
	at java.base/jdk.internal.reflect.NativeMethodAccessorImpl.invoke0(Native Method)
	at java.base/jdk.internal.reflect.NativeMethodAccessorImpl.invoke(NativeMethodAccessorImpl.java:77)
	at java.base/jdk.internal.reflect.DelegatingMethodAccessorImpl.invoke(DelegatingMethodAccessorImpl.java:43)
	at java.base/java.lang.reflect.Method.invoke(Method.java:568)
	at org.testng.internal.MethodInvocationHelper.invokeMethod(MethodInvocationHelper.java:80)
	at org.testng.internal.Invoker.invokeMethod(Invoker.java:714)
	at org.testng.internal.Invoker.invokeTestMethod(Invoker.java:901)
	at org.testng.internal.Invoker.invokeTestMethods(Invoker.java:1231)
	at org.testng.internal.TestMethodWorker.invokeTestMethods(TestMethodWorker.java:127)
	at org.testng.internal.TestMethodWorker.run(TestMethodWorker.java:111)
	at org.testng.TestRunner.privateRun(TestRunner.java:767)
	at org.testng.TestRunner.run(TestRunner.java:617)
	at org.testng.SuiteRunner.runTest(SuiteRunner.java:334)
	at org.testng.SuiteRunner.runSequentially(SuiteRunner.java:329)
	at org.testng.SuiteRunner.privateRun(SuiteRunner.java:291)
	at org.testng.SuiteRunner.run(SuiteRunner.java:240)
	at org.testng.SuiteRunnerWorker.runSuite(SuiteRunnerWorker.java:52)
	at org.testng.SuiteRunnerWorker.run(SuiteRunnerWorker.java:86)
	at org.testng.TestNG.runSuitesSequentially(TestNG.java:1198)
	at org.testng.TestNG.runSuitesLocally(TestNG.java:1123)
	at org.testng.TestNG.run(TestNG.java:1031)
	at org.apache.maven.surefire.testng.TestNGExecutor.run(TestNGExecutor.java:135)
	at org.apache.maven.surefire.testng.TestNGDirectoryTestSuite.executeMulti(TestNGDirectoryTestSuite.java:193)
	at org.apache.maven.surefire.testng.TestNGDirectoryTestSuite.execute(TestNGDirectoryTestSuite.java:94)
	at org.apache.maven.surefire.testng.TestNGProvider.invoke(TestNGProvider.java:146)
	at org.apache.maven.surefire.booter.ForkedBooter.invokeProviderInSameClassLoader(ForkedBooter.java:384)
	at org.apache.maven.surefire.booter.ForkedBooter.runSuitesInProcess(ForkedBooter.java:345)
	at org.apache.maven.surefire.booter.ForkedBooter.execute(ForkedBooter.java:126)
	at org.apache.maven.surefire.booter.ForkedBooter.main(ForkedBooter.java:418)

]]></system-err>
  </testcase>
  <testcase name="generate" classname="com.pinelabs.RnD.WebUITest.GoogleDemoTest" time="27.007">
    <failure message="chrome not reachable&#10;  (Session info: chrome=99.0.4844.82)&#10;Build info: version: &apos;3.9.1&apos;, revision: &apos;63f7b50&apos;, time: &apos;2018-02-07T22:25:02.294Z&apos;&#10;System info: host: &apos;PINENOIL12364&apos;, ip: &apos;172.17.112.1&apos;, os.name: &apos;Windows 10&apos;, os.arch: &apos;amd64&apos;, os.version: &apos;10.0&apos;, java.version: &apos;17.0.1&apos;&#10;Driver info: org.openqa.selenium.chrome.ChromeDriver&#10;Capabilities {acceptInsecureCerts: false, browserName: chrome, browserVersion: 99.0.4844.82, chrome: {chromedriverVersion: 99.0.4844.51 (d537ec02474b5..., userDataDir: C:\Users\HIMANS~1.SIS\AppDa...}, goog:chromeOptions: {debuggerAddress: localhost:54369}, javascriptEnabled: true, networkConnectionEnabled: false, pageLoadStrategy: normal, platform: WINDOWS, platformName: WINDOWS, proxy: Proxy(), setWindowRect: true, strictFileInteractability: false, timeouts: {implicit: 0, pageLoad: 300000, script: 30000}, unhandledPromptBehavior: dismiss and notify, webauthn:extension:credBlob: true, webauthn:extension:largeBlob: true, webauthn:virtualAuthenticators: true}&#10;Session ID: 708a9b61087e2405d751eb21e09be467" type="org.openqa.selenium.WebDriverException">org.openqa.selenium.WebDriverException: 
chrome not reachable
  (Session info: chrome=99.0.4844.82)
Build info: version: '3.9.1', revision: '63f7b50', time: '2018-02-07T22:25:02.294Z'
System info: host: 'PINENOIL12364', ip: '172.17.112.1', os.name: 'Windows 10', os.arch: 'amd64', os.version: '10.0', java.version: '17.0.1'
Driver info: org.openqa.selenium.chrome.ChromeDriver
Capabilities {acceptInsecureCerts: false, browserName: chrome, browserVersion: 99.0.4844.82, chrome: {chromedriverVersion: 99.0.4844.51 (d537ec02474b5..., userDataDir: C:\Users\HIMANS~1.SIS\AppDa...}, goog:chromeOptions: {debuggerAddress: localhost:54369}, javascriptEnabled: true, networkConnectionEnabled: false, pageLoadStrategy: normal, platform: WINDOWS, platformName: WINDOWS, proxy: Proxy(), setWindowRect: true, strictFileInteractability: false, timeouts: {implicit: 0, pageLoad: 300000, script: 30000}, unhandledPromptBehavior: dismiss and notify, webauthn:extension:credBlob: true, webauthn:extension:largeBlob: true, webauthn:virtualAuthenticators: true}
Session ID: 708a9b61087e2405d751eb21e09be467
	at com.pinelabs.RnD.WebUITest.GoogleDemoTest.generate(GoogleDemoTest.java:77)
</failure>
    <system-err><![CDATA[[1648749050.481][WARNING]: Timed out connecting to Chrome, retrying...
]]></system-err>
  </testcase>
  <testcase name="initiation" classname="com.pinelabs.RnD.AndroidTest.IrisAppTest" time="57.37">
    <failure message="Timed out after 30000 ms while waiting to connect. Client view of cluster state is {type=UNKNOWN, servers=[{address=192.168.100.127:27017, type=UNKNOWN, state=CONNECTING, exception={com.mongodb.MongoSocketOpenException: Exception opening socket}, caused by {java.net.SocketTimeoutException: Connect timed out}}]" type="com.mongodb.MongoTimeoutException">com.mongodb.MongoTimeoutException: Timed out after 30000 ms while waiting to connect. Client view of cluster state is {type=UNKNOWN, servers=[{address=192.168.100.127:27017, type=UNKNOWN, state=CONNECTING, exception={com.mongodb.MongoSocketOpenException: Exception opening socket}, caused by {java.net.SocketTimeoutException: Connect timed out}}]
	at com.pinelabs.RnD.AndroidTest.IrisAppTest.initiation(IrisAppTest.java:26)
</failure>
  </testcase>
  <testcase name="validateTextBoxes" classname="com.pinelabs.RnD.AndroidTest.IrisAppTest" time="0">
    <skipped/>
  </testcase>
  <testcase name="validateRadioButtons" classname="com.pinelabs.RnD.AndroidTest.IrisAppTest" time="0">
    <skipped/>
  </testcase>
  <testcase name="getMasterData" classname="com.pinelabs.RnD.AndroidTest.IrisAppTest" time="0">
    <skipped/>
  </testcase>
  <testcase name="getInstances" classname="com.pinelabs.RnD.AndroidTest.PaymentsUPIValidationsTest" time="0.067">
    <failure message="org/openqa/selenium/remote/AcceptedW3CCapabilityKeys" type="java.lang.NoClassDefFoundError">java.lang.NoClassDefFoundError: org/openqa/selenium/remote/AcceptedW3CCapabilityKeys
	at com.pinelabs.RnD.AndroidTest.PaymentsUPIValidationsTest.getInstances(PaymentsUPIValidationsTest.java:31)
Caused by: java.lang.ClassNotFoundException: org.openqa.selenium.remote.AcceptedW3CCapabilityKeys
	at com.pinelabs.RnD.AndroidTest.PaymentsUPIValidationsTest.getInstances(PaymentsUPIValidationsTest.java:31)
</failure>
  </testcase>
  <testcase name="iCICI_UPI_001" classname="com.pinelabs.RnD.AndroidTest.PaymentsUPIValidationsTest" time="0">
    <skipped/>
  </testcase>
  <testcase name="iCICI_UPI_002" classname="com.pinelabs.RnD.AndroidTest.PaymentsUPIValidationsTest" time="0">
    <skipped/>
  </testcase>
  <testcase name="iCICI_UPI_003" classname="com.pinelabs.RnD.AndroidTest.PaymentsUPIValidationsTest" time="0">
    <skipped/>
  </testcase>
  <testcase name="iCICI_UPI_004" classname="com.pinelabs.RnD.AndroidTest.PaymentsUPIValidationsTest" time="0">
    <skipped/>
  </testcase>
  <testcase name="iCICI_UPI_005" classname="com.pinelabs.RnD.AndroidTest.PaymentsUPIValidationsTest" time="0">
    <skipped/>
  </testcase>
  <testcase name="iCICI_UPI_005a" classname="com.pinelabs.RnD.AndroidTest.PaymentsUPIValidationsTest" time="0">
    <skipped/>
  </testcase>
  <testcase name="iCICI_UPI_005b" classname="com.pinelabs.RnD.AndroidTest.PaymentsUPIValidationsTest" time="0">
    <skipped/>
  </testcase>
  <testcase name="iCICI_UPI_010" classname="com.pinelabs.RnD.AndroidTest.PaymentsUPIValidationsTest" time="0">
    <skipped/>
  </testcase>
  <testcase name="iCICI_UPI_011" classname="com.pinelabs.RnD.AndroidTest.PaymentsUPIValidationsTest" time="0">
    <skipped/>
  </testcase>
  <testcase name="iCICI_UPI_012" classname="com.pinelabs.RnD.AndroidTest.PaymentsUPIValidationsTest" time="0">
    <skipped/>
  </testcase>
  <testcase name="iCICI_UPI_013" classname="com.pinelabs.RnD.AndroidTest.PaymentsUPIValidationsTest" time="0">
    <skipped/>
  </testcase>
  <testcase name="iCICI_UPI_014" classname="com.pinelabs.RnD.AndroidTest.PaymentsUPIValidationsTest" time="0">
    <skipped/>
  </testcase>
  <testcase name="iCICI_UPI_015" classname="com.pinelabs.RnD.AndroidTest.PaymentsUPIValidationsTest" time="0">
    <skipped/>
  </testcase>
  <testcase name="iCICI_UPI_016" classname="com.pinelabs.RnD.AndroidTest.PaymentsUPIValidationsTest" time="0">
    <skipped/>
  </testcase>
  <testcase name="iCICI_UPI_017" classname="com.pinelabs.RnD.AndroidTest.PaymentsUPIValidationsTest" time="0">
    <skipped/>
  </testcase>
  <testcase name="iCICI_UPI_019" classname="com.pinelabs.RnD.AndroidTest.PaymentsUPIValidationsTest" time="0">
    <skipped/>
  </testcase>
  <testcase name="iCICI_UPI_020" classname="com.pinelabs.RnD.AndroidTest.PaymentsUPIValidationsTest" time="0">
    <skipped/>
  </testcase>
  <testcase name="iCICI_UPI_022" classname="com.pinelabs.RnD.AndroidTest.PaymentsUPIValidationsTest" time="0">
    <skipped/>
  </testcase>
  <testcase name="iCICI_UPI_023" classname="com.pinelabs.RnD.AndroidTest.PaymentsUPIValidationsTest" time="0">
    <skipped/>
  </testcase>
  <testcase name="iCICI_UPI_024" classname="com.pinelabs.RnD.AndroidTest.PaymentsUPIValidationsTest" time="0">
    <skipped/>
  </testcase>
  <testcase name="iCICI_UPI_025" classname="com.pinelabs.RnD.AndroidTest.PaymentsUPIValidationsTest" time="0">
    <skipped/>
  </testcase>
  <testcase name="iCICI_UPI_026" classname="com.pinelabs.RnD.AndroidTest.PaymentsUPIValidationsTest" time="0">
    <skipped/>
  </testcase>
  <testcase name="iCICI_UPI_027" classname="com.pinelabs.RnD.AndroidTest.PaymentsUPIValidationsTest" time="0">
    <skipped/>
  </testcase>
  <testcase name="iCICI_UPI_028" classname="com.pinelabs.RnD.AndroidTest.PaymentsUPIValidationsTest" time="0">
    <skipped/>
  </testcase>
  <testcase name="iCICI_UPI_029" classname="com.pinelabs.RnD.AndroidTest.PaymentsUPIValidationsTest" time="0">
    <skipped/>
  </testcase>
  <testcase name="iCICI_UPI_030" classname="com.pinelabs.RnD.AndroidTest.PaymentsUPIValidationsTest" time="0">
    <skipped/>
  </testcase>
</testsuite>